2019-06-20 14:28:43.175044: I tensorflow/core/platform/cpu_feature_guard.cc:141] Your CPU supports instructions that this TensorFlow binary was not compiled to use: SSE4.1 SSE4.2 AVX AVX2 AVX512F FMA
2019-06-20 14:28:43.180273: I tensorflow/core/platform/profile_utils/cpu_utils.cc:94] CPU Frequency: 2100000000 Hz
2019-06-20 14:28:43.180360: I tensorflow/compiler/xla/service/service.cc:150] XLA service 0x558483bd7ef0 executing computations on platform Host. Devices:
2019-06-20 14:28:43.180380: I tensorflow/compiler/xla/service/service.cc:158]   StreamExecutor device (0): <undefined>, <undefined>
2019-06-20 14:28:43.325177: I tensorflow/core/common_runtime/gpu/gpu_device.cc:1433] Found device 0 with properties: 
name: Tesla V100-PCIE-16GB major: 7 minor: 0 memoryClockRate(GHz): 1.38
pciBusID: 0000:3b:00.0
totalMemory: 15.75GiB freeMemory: 15.44GiB
2019-06-20 14:28:43.325210: I tensorflow/core/common_runtime/gpu/gpu_device.cc:1512] Adding visible gpu devices: 0
2019-06-20 14:28:43.326208: I tensorflow/core/common_runtime/gpu/gpu_device.cc:984] Device interconnect StreamExecutor with strength 1 edge matrix:
2019-06-20 14:28:43.326220: I tensorflow/core/common_runtime/gpu/gpu_device.cc:990]      0 
2019-06-20 14:28:43.326225: I tensorflow/core/common_runtime/gpu/gpu_device.cc:1003] 0:   N 
2019-06-20 14:28:43.326330: I tensorflow/core/common_runtime/gpu/gpu_device.cc:1115] Created TensorFlow device (/job:localhost/replica:0/task:0/device:GPU:0 with 15022 MB memory) -> physical GPU (device: 0, name: Tesla V100-PCIE-16GB, pci bus id: 0000:3b:00.0, compute capability: 7.0)
2019-06-20 14:28:43.328216: I tensorflow/compiler/xla/service/service.cc:150] XLA service 0x5584846f57c0 executing computations on platform CUDA. Devices:
2019-06-20 14:28:43.328235: I tensorflow/compiler/xla/service/service.cc:158]   StreamExecutor device (0): Tesla V100-PCIE-16GB, Compute Capability 7.0
2019-06-20 14:28:43.328512: I tensorflow/core/common_runtime/direct_session.cc:317] Device mapping:
/job:localhost/replica:0/task:0/device:XLA_CPU:0 -> device: XLA_CPU device
/job:localhost/replica:0/task:0/device:GPU:0 -> device: 0, name: Tesla V100-PCIE-16GB, pci bus id: 0000:3b:00.0, compute capability: 7.0
/job:localhost/replica:0/task:0/device:XLA_GPU:0 -> device: XLA_GPU device

2019-06-20 14:28:43.329409: I tensorflow/core/common_runtime/placer.cc:1059] MatMul: (MatMul)/job:localhost/replica:0/task:0/device:GPU:0
2019-06-20 14:28:43.329429: I tensorflow/core/common_runtime/placer.cc:1059] a: (Const)/job:localhost/replica:0/task:0/device:GPU:0
2019-06-20 14:28:43.329436: I tensorflow/core/common_runtime/placer.cc:1059] b: (Const)/job:localhost/replica:0/task:0/device:GPU:0
