2019-06-14 11:39:37.344054: I tensorflow/core/platform/cpu_feature_guard.cc:141] Your CPU supports instructions that this TensorFlow binary was not compiled to use: SSE4.1 SSE4.2 AVX AVX2 AVX512F FMA
2019-06-14 11:39:37.349403: I tensorflow/core/platform/profile_utils/cpu_utils.cc:94] CPU Frequency: 2100000000 Hz
2019-06-14 11:39:37.349509: I tensorflow/compiler/xla/service/service.cc:150] XLA service 0x55b64b5fd510 executing computations on platform Host. Devices:
2019-06-14 11:39:37.349521: I tensorflow/compiler/xla/service/service.cc:158]   StreamExecutor device (0): <undefined>, <undefined>
2019-06-14 11:39:37.492500: I tensorflow/compiler/xla/service/service.cc:150] XLA service 0x55b64b6b46e0 executing computations on platform CUDA. Devices:
2019-06-14 11:39:37.492525: I tensorflow/compiler/xla/service/service.cc:158]   StreamExecutor device (0): Tesla V100-PCIE-16GB, Compute Capability 7.0
2019-06-14 11:39:37.492687: I tensorflow/core/common_runtime/gpu/gpu_device.cc:1433] Found device 0 with properties: 
name: Tesla V100-PCIE-16GB major: 7 minor: 0 memoryClockRate(GHz): 1.38
pciBusID: 0000:3b:00.0
totalMemory: 15.75GiB freeMemory: 15.44GiB
2019-06-14 11:39:37.492724: I tensorflow/core/common_runtime/gpu/gpu_device.cc:1512] Adding visible gpu devices: 0
2019-06-14 11:39:37.493723: I tensorflow/core/common_runtime/gpu/gpu_device.cc:984] Device interconnect StreamExecutor with strength 1 edge matrix:
2019-06-14 11:39:37.493734: I tensorflow/core/common_runtime/gpu/gpu_device.cc:990]      0 
2019-06-14 11:39:37.493739: I tensorflow/core/common_runtime/gpu/gpu_device.cc:1003] 0:   N 
2019-06-14 11:39:37.493827: I tensorflow/core/common_runtime/gpu/gpu_device.cc:1115] Created TensorFlow device (/job:localhost/replica:0/task:0/device:GPU:0 with 15022 MB memory) -> physical GPU (device: 0, name: Tesla V100-PCIE-16GB, pci bus id: 0000:3b:00.0, compute capability: 7.0)
2019-06-14 11:39:37.494378: I tensorflow/core/common_runtime/direct_session.cc:317] Device mapping:
/job:localhost/replica:0/task:0/device:XLA_CPU:0 -> device: XLA_CPU device
/job:localhost/replica:0/task:0/device:XLA_GPU:0 -> device: XLA_GPU device
/job:localhost/replica:0/task:0/device:GPU:0 -> device: 0, name: Tesla V100-PCIE-16GB, pci bus id: 0000:3b:00.0, compute capability: 7.0

2019-06-14 11:39:37.495357: I tensorflow/core/common_runtime/placer.cc:1059] MatMul: (MatMul)/job:localhost/replica:0/task:0/device:GPU:0
2019-06-14 11:39:37.495379: I tensorflow/core/common_runtime/placer.cc:1059] a: (Const)/job:localhost/replica:0/task:0/device:GPU:0
2019-06-14 11:39:37.495387: I tensorflow/core/common_runtime/placer.cc:1059] b: (Const)/job:localhost/replica:0/task:0/device:GPU:0
2019-06-14 11:39:37.498999: E tensorflow/stream_executor/cuda/cuda_driver.cc:806] failed to allocate 14.67G (15752635904 bytes) from device: CUDA_ERROR_OUT_OF_MEMORY: out of memory
2019-06-14 11:39:37.499020: E tensorflow/stream_executor/cuda/cuda_driver.cc:806] failed to allocate 13.20G (14177372160 bytes) from device: CUDA_ERROR_OUT_OF_MEMORY: out of memory
2019-06-14 11:39:37.499029: E tensorflow/stream_executor/cuda/cuda_driver.cc:806] failed to allocate 11.88G (12759634944 bytes) from device: CUDA_ERROR_OUT_OF_MEMORY: out of memory
2019-06-14 11:39:37.499036: E tensorflow/stream_executor/cuda/cuda_driver.cc:806] failed to allocate 10.69G (11483671552 bytes) from device: CUDA_ERROR_OUT_OF_MEMORY: out of memory
2019-06-14 11:39:37.499044: E tensorflow/stream_executor/cuda/cuda_driver.cc:806] failed to allocate 9.62G (10335303680 bytes) from device: CUDA_ERROR_OUT_OF_MEMORY: out of memory
2019-06-14 11:39:37.499051: E tensorflow/stream_executor/cuda/cuda_driver.cc:806] failed to allocate 8.66G (9301773312 bytes) from device: CUDA_ERROR_OUT_OF_MEMORY: out of memory
2019-06-14 11:39:37.499067: E tensorflow/stream_executor/cuda/cuda_driver.cc:806] failed to allocate 7.80G (8371595776 bytes) from device: CUDA_ERROR_OUT_OF_MEMORY: out of memory
2019-06-14 11:39:37.499074: E tensorflow/stream_executor/cuda/cuda_driver.cc:806] failed to allocate 7.02G (7534435840 bytes) from device: CUDA_ERROR_OUT_OF_MEMORY: out of memory
2019-06-14 11:39:37.499080: E tensorflow/stream_executor/cuda/cuda_driver.cc:806] failed to allocate 6.31G (6780992000 bytes) from device: CUDA_ERROR_OUT_OF_MEMORY: out of memory
2019-06-14 11:39:37.499087: E tensorflow/stream_executor/cuda/cuda_driver.cc:806] failed to allocate 5.68G (6102892544 bytes) from device: CUDA_ERROR_OUT_OF_MEMORY: out of memory
2019-06-14 11:39:37.499094: E tensorflow/stream_executor/cuda/cuda_driver.cc:806] failed to allocate 5.12G (5492603392 bytes) from device: CUDA_ERROR_OUT_OF_MEMORY: out of memory
2019-06-14 11:39:37.499101: E tensorflow/stream_executor/cuda/cuda_driver.cc:806] failed to allocate 4.60G (4943343104 bytes) from device: CUDA_ERROR_OUT_OF_MEMORY: out of memory
2019-06-14 11:39:37.499108: E tensorflow/stream_executor/cuda/cuda_driver.cc:806] failed to allocate 4.14G (4449008640 bytes) from device: CUDA_ERROR_OUT_OF_MEMORY: out of memory
2019-06-14 11:39:37.499114: E tensorflow/stream_executor/cuda/cuda_driver.cc:806] failed to allocate 3.73G (4004107776 bytes) from device: CUDA_ERROR_OUT_OF_MEMORY: out of memory
2019-06-14 11:39:37.499121: E tensorflow/stream_executor/cuda/cuda_driver.cc:806] failed to allocate 3.36G (3603696896 bytes) from device: CUDA_ERROR_OUT_OF_MEMORY: out of memory
2019-06-14 11:39:37.499128: E tensorflow/stream_executor/cuda/cuda_driver.cc:806] failed to allocate 3.02G (3243327232 bytes) from device: CUDA_ERROR_OUT_OF_MEMORY: out of memory
2019-06-14 11:39:37.499135: E tensorflow/stream_executor/cuda/cuda_driver.cc:806] failed to allocate 2.72G (2918994432 bytes) from device: CUDA_ERROR_OUT_OF_MEMORY: out of memory
2019-06-14 11:39:37.499142: E tensorflow/stream_executor/cuda/cuda_driver.cc:806] failed to allocate 2.45G (2627095040 bytes) from device: CUDA_ERROR_OUT_OF_MEMORY: out of memory
2019-06-14 11:39:37.499149: E tensorflow/stream_executor/cuda/cuda_driver.cc:806] failed to allocate 2.20G (2364385536 bytes) from device: CUDA_ERROR_OUT_OF_MEMORY: out of memory
2019-06-14 11:39:37.499156: E tensorflow/stream_executor/cuda/cuda_driver.cc:806] failed to allocate 1.98G (2127947008 bytes) from device: CUDA_ERROR_OUT_OF_MEMORY: out of memory
2019-06-14 11:39:37.499163: E tensorflow/stream_executor/cuda/cuda_driver.cc:806] failed to allocate 1.78G (1915152384 bytes) from device: CUDA_ERROR_OUT_OF_MEMORY: out of memory
2019-06-14 11:39:37.499169: E tensorflow/stream_executor/cuda/cuda_driver.cc:806] failed to allocate 1.60G (1723637248 bytes) from device: CUDA_ERROR_OUT_OF_MEMORY: out of memory
2019-06-14 11:39:37.499176: E tensorflow/stream_executor/cuda/cuda_driver.cc:806] failed to allocate 1.44G (1551273472 bytes) from device: CUDA_ERROR_OUT_OF_MEMORY: out of memory
2019-06-14 11:39:37.499183: E tensorflow/stream_executor/cuda/cuda_driver.cc:806] failed to allocate 1.30G (1396146176 bytes) from device: CUDA_ERROR_OUT_OF_MEMORY: out of memory
2019-06-14 11:39:37.499190: E tensorflow/stream_executor/cuda/cuda_driver.cc:806] failed to allocate 1.17G (1256531712 bytes) from device: CUDA_ERROR_OUT_OF_MEMORY: out of memory
